# Server version 0.08 running on Cesar-Spectre:8123
# Game ID: 5
# Board class: pentago_twist.PentagoBoard
# Timeout: 20000
# First Move Timeout: 30000
# Date: Wed Apr 07 11:36:41 EDT 2021
# Player 1: Player-0, 'Human', running on Cesar-Spectre
# Player 2: Player-1, '260847683', running on Cesar-Spectre
START Player-0 Human
START Player-1 260847683
1 1 3 0 0
4 4 2 0 1
2 2 0 1 0
0 5 1 0 1
1 2 0 0 0
1 3 1 1 1
4 2 2 1 0
1 0 2 1 1
5 2 2 0 0
4 1 1 1 1
3 2 2 1 0
5 4 0 0 1
4 0 2 1 0
0 5 2 1 1
2 3 1 0 0
3 5 0 0 1
2 4 2 0 0
1 3 0 0 1
3 3 2 1 0
3 2 3 0 1
3 3 0 0 0
5 1 3 0 1
3 3 0 1 0
1 5 3 0 1
0 1 0 0 0
3 4 2 1 1
0 2 2 1 0
0 5 0 0 1
0 2 2 1 0
5 2 3 1 1
1 2 3 0 0
0 0 0 0 1
4 2 3 1 0
4 5 0 0 1
1 4 1 1 0
5 4 0 1 1
GAMEOVER WINNER 0
# Game ended: Wed Apr 07 11:40:25 EDT 2021
