# Server version 0.08 running on ARNOUK-Desktop:8123
# Game ID: 19
# Board class: pentago_twist.PentagoBoard
# Timeout: 20000
# First Move Timeout: 30000
# Date: Sat Apr 10 14:27:44 EDT 2021
# Player 1: Player-0, 'Human', running on ARNOUK-Desktop
# Player 2: Player-1, 'RandomPlayer', running on ARNOUK-Desktop
START Player-0 Human
START Player-1 RandomPlayer
0 0 0 0 0
4 4 2 0 1
0 0 0 0 0
1 0 1 0 1
0 1 0 0 0
1 3 1 1 1
0 2 0 0 0
1 0 2 1 1
1 1 0 0 0
4 3 1 1 1
1 2 0 0 0
5 4 0 0 1
0 0 0 0 0
1 4 2 1 1
5 5 3 0 0
4 2 0 0 1
5 4 1 0 0
2 3 0 0 1
5 0 2 0 0
3 3 3 0 1
5 2 2 0 0
5 3 3 0 1
3 0 3 0 0
2 5 3 0 1
5 2 2 0 0
4 0 2 1 1
4 1 0 0 0
1 3 0 0 1
0 3 0 0 0
4 5 3 1 1
0 5 0 0 0
1 5 0 0 1
3 3 0 0 0
4 0 0 0 1
5 1 0 0 0
2 4 0 1 1
GAMEOVER WINNER 1
# Game ended: Sat Apr 10 14:29:57 EDT 2021
