# Server version 0.08 running on ARNOUK-Desktop:8123
# Game ID: 18
# Board class: pentago_twist.PentagoBoard
# Timeout: 20000
# First Move Timeout: 30000
# Date: Sat Apr 10 14:27:06 EDT 2021
# Player 1: Player-0, 'Human', running on ARNOUK-Desktop
# Player 2: Player-1, 'RandomPlayer', running on ARNOUK-Desktop
START Player-0 Human
START Player-1 RandomPlayer
0 0 0 0 0
4 4 2 0 1
1 1 0 0 0
0 5 1 0 1
2 1 0 0 0
1 3 1 1 1
0 1 0 0 0
1 3 2 1 1
1 0 0 0 0
4 3 1 1 1
2 2 0 0 0
5 4 0 0 1
0 2 0 0 0
1 4 2 1 1
2 0 0 0 0
4 2 0 0 1
0 1 0 0 0
2 4 0 0 1
GAMEOVER ILLEGAL MOVE: Player 0, Move: (5, 2), R/F: (2, 2) WINNER 1
# Game ended: Sat Apr 10 14:27:26 EDT 2021
