# Server version 0.08 running on ARNOUK-Desktop:8123
# Game ID: 364
# Board class: pentago_twist.PentagoBoard
# Timeout: 20000
# First Move Timeout: 30000
# Date: Mon Apr 12 22:26:52 EDT 2021
# Player 1: Player-0, '260847683', running on ARNOUK-Desktop
# Player 2: Player-1, 'Human', running on ARNOUK-Desktop
START Player-0 260847683
START Player-1 Human
4 1 2 1 0
1 1 0 0 1
3 2 0 0 0
2 2 2 1 1
4 0 2 0 0
0 0 2 1 1
5 3 0 0 0
3 3 0 1 1
4 4 0 0 0
4 2 0 1 1
0 4 3 0 0
3 2 3 1 1
5 4 0 1 0
5 2 2 1 1
3 4 2 0 0
2 2 2 0 1
1 0 2 0 0
1 2 2 1 1
0 0 3 0 0
GAMEOVER WINNER 0
# Game ended: Mon Apr 12 22:29:09 EDT 2021
