# Server version 0.08 running on ARNOUK-Desktop:8123
# Game ID: 307
# Board class: pentago_twist.PentagoBoard
# Timeout: 20000
# First Move Timeout: 30000
# Date: Mon Apr 12 19:43:46 EDT 2021
# Player 1: Player-0, '260825559', running on 127.0.0.1
# Player 2: Player-1, '260847683', running on 127.0.0.1
START Player-0 260825559
START Player-1 260847683
1 4 1 0 0
0 0 0 0 1
5 5 0 0 0
0 0 0 0 1
1 5 1 1 0
0 0 0 0 1
4 4 1 1 0
0 1 0 0 1
5 4 0 0 0
0 1 0 0 1
3 4 1 0 0
GAMEOVER WINNER 0
# Game ended: Mon Apr 12 19:44:09 EDT 2021
