# Server version 0.08 running on ARNOUK-Desktop:8123
# Game ID: 6
# Board class: pentago_twist.PentagoBoard
# Timeout: 20000
# First Move Timeout: 30000
# Date: Fri Apr 09 16:50:44 EDT 2021
# Player 1: Player-0, 'Human', running on ARNOUK-Desktop
# Player 2: Player-1, '260847683', running on ARNOUK-Desktop
START Player-0 Human
START Player-1 260847683
0 0 0 1 0
4 4 2 0 1
5 0 0 1 0
1 0 1 0 1
5 1 2 0 0
1 3 1 1 1
5 0 2 1 0
1 1 2 1 1
4 1 1 1 0
4 2 1 1 1
2 2 0 0 0
5 4 0 0 1
GAMEOVER ILLEGAL MOVE: Player 0, Move: (2, 0), R/F: (1, 3) WINNER 1
# Game ended: Fri Apr 09 16:51:53 EDT 2021
