# Server version 0.08 running on ARNOUK-Desktop:8123
# Game ID: 122
# Board class: pentago_twist.PentagoBoard
# Timeout: 20000
# First Move Timeout: 30000
# Date: Sun Apr 11 20:15:25 EDT 2021
# Player 1: Player-0, '260847683', running on 127.0.0.1
# Player 2: Player-1, 'RandomPlayer', running on 127.0.0.1
START Player-0 260847683
START Player-1 RandomPlayer
0 2 1 0 0
4 4 2 0 1
0 4 2 1 0
1 1 1 0 1
0 4 1 1 0
1 5 1 1 1
3 1 0 0 0
1 0 2 1 1
5 3 3 0 0
4 3 1 1 1
4 2 3 0 0
5 4 0 0 1
