# Server version 0.08 running on ARNOUK-Desktop:8123
# Game ID: 355
# Board class: pentago_twist.PentagoBoard
# Timeout: 20000
# First Move Timeout: 30000
# Date: Mon Apr 12 20:39:18 EDT 2021
# Player 1: Player-0, 'Human', running on ARNOUK-Desktop
# Player 2: Player-1, '260847683', running on ARNOUK-Desktop
START Player-0 Human
START Player-1 260847683
1 1 0 0 0
4 2 2 1 1
0 0 1 1 0
5 2 3 0 1
2 1 1 1 0
0 5 2 1 1
2 2 2 0 0
4 0 0 0 1
4 4 0 1 0
1 3 3 0 1
3 3 1 1 0
GAMEOVER WINNER 0
# Game ended: Mon Apr 12 20:41:30 EDT 2021
