# Server version 0.08 running on ARNOUK-Desktop:8123
# Game ID: 367
# Board class: pentago_twist.PentagoBoard
# Timeout: 20000
# First Move Timeout: 30000
# Date: Mon Apr 12 22:31:30 EDT 2021
# Player 1: Player-0, '260847683', running on 127.0.0.1
# Player 2: Player-1, '260825559', running on 127.0.0.1
START Player-0 260847683
START Player-1 260825559
4 1 2 0 0
1 4 3 0 1
2 3 0 1 0
4 2 0 0 1
1 0 3 1 0
1 2 2 0 1
2 1 0 0 0
0 4 1 1 1
3 4 1 0 0
1 3 3 1 1
4 5 0 0 0
GAMEOVER WINNER 0
# Game ended: Mon Apr 12 22:31:54 EDT 2021
