# Server version 0.08 running on ARNOUK-Desktop:8123
# Game ID: 358
# Board class: pentago_twist.PentagoBoard
# Timeout: 20000
# First Move Timeout: 30000
# Date: Mon Apr 12 21:29:44 EDT 2021
# Player 1: Player-0, '260847683', running on ARNOUK-Desktop
# Player 2: Player-1, 'Human', running on ARNOUK-Desktop
START Player-0 260847683
START Player-1 Human
1 1 0 0 0
4 1 2 0 1
3 1 3 1 0
3 2 1 1 1
3 0 1 1 0
2 3 0 0 1
5 1 1 1 0
2 3 0 0 1
0 2 2 1 0
5 2 2 1 1
1 5 2 0 0
2 4 2 1 1
5 4 3 0 0
1 4 0 0 1
GAMEOVER WINNER 1
# Game ended: Mon Apr 12 21:30:42 EDT 2021
