# Server version 0.08 running on ARNOUK-Desktop:8123
# Game ID: 219
# Board class: pentago_twist.PentagoBoard
# Timeout: 20000
# First Move Timeout: 30000
# Date: Mon Apr 12 16:55:38 EDT 2021
# Player 1: Player-0, '260847683', running on 127.0.0.1
# Player 2: Player-1, '260735072', running on 127.0.0.1
START Player-0 260847683
START Player-1 260735072
0 0 1 0 0
4 4 1 0 1
1 4 3 1 0
3 4 2 0 1
0 1 0 0 0
4 1 0 0 1
0 4 0 1 0
0 0 3 0 1
0 1 0 0 0
1 1 2 1 1
1 5 0 1 0
2 2 2 0 1
3 3 2 0 0
5 3 0 0 1
0 0 0 0 0
0 1 3 1 1
1 3 3 1 0
3 5 0 0 1
0 5 1 1 0
5 1 2 1 1
0 5 1 0 0
4 3 0 0 1
0 1 0 0 0
4 0 0 1 1
0 3 0 1 0
3 1 1 1 1
2 5 1 1 0
GAMEOVER WINNER 0
# Game ended: Mon Apr 12 16:56:33 EDT 2021
