# Server version 0.08 running on ARNOUK-Desktop:8123
# Game ID: 154
# Board class: pentago_twist.PentagoBoard
# Timeout: 20000
# First Move Timeout: 30000
# Date: Sun Apr 11 21:00:30 EDT 2021
# Player 1: Player-0, 'RandomPlayer', running on 127.0.0.1
# Player 2: Player-1, '260847683', running on 127.0.0.1
START Player-0 RandomPlayer
START Player-1 260847683
1 0 2 0 0
3 0 0 1 1
0 2 1 0 0
4 4 3 0 1
4 0 0 1 0
1 5 0 0 1
1 3 2 1 0
2 5 3 0 1
5 4 1 1 0
GAMEOVER ILLEGAL MOVE: Player 1, Move: (4, 2), R/F: (0, 0) WINNER 0
# Game ended: Sun Apr 11 21:00:30 EDT 2021
