# Server version 0.08 running on ARNOUK-Desktop:8123
# Game ID: 17
# Board class: pentago_twist.PentagoBoard
# Timeout: 20000
# First Move Timeout: 30000
# Date: Sat Apr 10 14:25:44 EDT 2021
# Player 1: Player-0, 'RandomPlayer', running on ARNOUK-Desktop
# Player 2: Player-1, 'Human', running on ARNOUK-Desktop
START Player-0 RandomPlayer
START Player-1 Human
1 0 2 0 0
1 3 1 0 1
0 2 1 0 0
3 3 1 1 1
4 1 0 1 0
2 3 0 0 1
1 2 2 1 0
4 3 0 0 1
5 4 1 1 0
0 5 1 1 1
GAMEOVER WINNER 1
# Game ended: Sat Apr 10 14:26:25 EDT 2021
