# Server version 0.08 running on ARNOUK-Desktop:8123
# Game ID: 260
# Board class: pentago_twist.PentagoBoard
# Timeout: 20000
# First Move Timeout: 30000
# Date: Mon Apr 12 18:00:00 EDT 2021
# Player 1: Player-0, '260847683', running on 127.0.0.1
# Player 2: Player-1, '260825559', running on 127.0.0.1
START Player-0 260847683
START Player-1 260825559
0 0 1 1 0
3 5 0 0 1
0 0 1 0 0
0 1 1 1 1
0 3 0 0 0
0 1 2 1 1
0 4 1 1 0
5 1 0 0 1
0 0 0 1 0
0 0 0 0 1
0 3 0 0 0
5 0 3 0 1
1 0 0 0 0
GAMEOVER WINNER 0
# Game ended: Mon Apr 12 18:00:27 EDT 2021
