# Server version 0.08 running on ARNOUK-Desktop:8123
# Game ID: 343
# Board class: pentago_twist.PentagoBoard
# Timeout: 20000
# First Move Timeout: 30000
# Date: Mon Apr 12 20:01:18 EDT 2021
# Player 1: Player-0, '260847683', running on 127.0.0.1
# Player 2: Player-1, 'RandomPlayer', running on 127.0.0.1
START Player-0 260847683
START Player-1 RandomPlayer
4 3 3 0 0
4 4 2 0 1
2 0 3 0 0
0 5 1 0 1
1 2 3 1 0
1 1 1 1 1
1 0 0 0 0
1 2 2 1 1
3 3 0 1 0
4 2 1 1 1
0 5 1 1 0
5 4 0 0 1
5 3 0 1 0
0 5 2 1 1
4 5 3 0 0
4 2 0 0 1
5 3 0 1 0
1 4 0 0 1
4 1 3 0 0
2 5 3 0 1
2 0 2 1 0
5 0 3 0 1
5 2 0 1 0
2 1 3 0 1
1 5 2 1 0
3 1 2 1 1
0 0 0 1 0
1 3 0 0 1
GAMEOVER WINNER 1
# Game ended: Mon Apr 12 20:01:48 EDT 2021
