# Server version 0.08 running on ARNOUK-Desktop:8123
# Game ID: 199
# Board class: pentago_twist.PentagoBoard
# Timeout: 20000
# First Move Timeout: 30000
# Date: Mon Apr 12 16:33:49 EDT 2021
# Player 1: Player-0, '260847683', running on ARNOUK-Desktop
# Player 2: Player-1, 'RandomPlayer', running on ARNOUK-Desktop
START Player-0 260847683
START Player-1 RandomPlayer
0 0 0 1 0
4 4 2 0 1
1 2 1 0 0
1 0 1 0 1
0 0 0 0 0
1 3 1 1 1
0 0 0 1 0
1 2 2 1 1
0 3 0 0 0
4 3 1 1 1
0 1 2 0 0
5 4 0 0 1
0 0 3 1 0
1 4 2 1 1
0 3 0 1 0
4 2 0 0 1
0 4 0 1 0
GAMEOVER WINNER 0
# Game ended: Mon Apr 12 16:34:05 EDT 2021
