# Server version 0.08 running on ARNOUK-Desktop:8123
# Game ID: 357
# Board class: pentago_twist.PentagoBoard
# Timeout: 20000
# First Move Timeout: 30000
# Date: Mon Apr 12 21:25:35 EDT 2021
# Player 1: Player-0, 'RandomPlayer', running on ARNOUK-Desktop
# Player 2: Player-1, '260847683', running on ARNOUK-Desktop
START Player-0 RandomPlayer
START Player-1 260847683
1 0 2 0 0
0 2 2 0 1
0 3 1 0 0
0 0 3 0 1
4 1 0 1 0
0 3 3 0 1
2 0 2 1 0
2 2 3 1 1
5 4 1 1 0
5 5 3 0 1
4 4 0 0 0
1 0 0 0 1
4 5 2 1 0
5 0 3 0 1
4 0 0 0 0
2 5 2 0 1
5 5 0 0 0
1 5 1 0 1
GAMEOVER WINNER 1
# Game ended: Mon Apr 12 21:25:53 EDT 2021
