# Server version 0.08 running on ARNOUK-Desktop:8123
# Game ID: 275
# Board class: pentago_twist.PentagoBoard
# Timeout: 20000
# First Move Timeout: 30000
# Date: Mon Apr 12 18:07:52 EDT 2021
# Player 1: Player-0, '260825559', running on 127.0.0.1
# Player 2: Player-1, '260847683', running on 127.0.0.1
START Player-0 260825559
START Player-1 260847683
4 5 1 1 0
0 0 1 0 1
0 1 2 1 0
0 2 0 1 1
1 0 1 0 0
3 0 0 1 1
3 5 3 0 0
0 4 1 0 1
4 3 3 0 0
0 5 1 0 1
2 3 3 1 0
GAMEOVER WINNER 0
# Game ended: Mon Apr 12 18:08:15 EDT 2021
