# Server version 0.08 running on ARNOUK-Desktop:8123
# Game ID: 389
# Board class: pentago_twist.PentagoBoard
# Timeout: 20000
# First Move Timeout: 30000
# Date: Mon Apr 12 23:03:58 EDT 2021
# Player 1: Player-0, '260847683', running on ARNOUK-Desktop
# Player 2: Player-1, '260825559', running on ARNOUK-Desktop
START Player-0 260847683
START Player-1 260825559
0 2 1 0 0
3 4 3 0 1
0 4 2 1 0
1 2 2 0 1
0 5 1 1 0
0 1 0 1 1
3 1 0 0 0
5 4 0 0 1
5 2 3 0 0
3 2 0 1 1
GAMEOVER WINNER 1
# Game ended: Mon Apr 12 23:04:18 EDT 2021
