# Server version 0.08 running on ARNOUK-Desktop:8123
# Game ID: 361
# Board class: pentago_twist.PentagoBoard
# Timeout: 20000
# First Move Timeout: 30000
# Date: Mon Apr 12 22:00:18 EDT 2021
# Player 1: Player-0, '260847683', running on ARNOUK-Desktop
# Player 2: Player-1, 'Human', running on ARNOUK-Desktop
START Player-0 260847683
START Player-1 Human
1 2 2 0 0
1 4 0 1 1
3 5 3 1 0
2 3 3 1 1
2 4 1 1 0
0 3 1 1 1
3 1 3 1 0
3 2 3 1 1
0 2 0 0 0
4 1 0 1 1
GAMEOVER WINNER 1
# Game ended: Mon Apr 12 22:01:07 EDT 2021
