# Server version 0.08 running on ARNOUK-Desktop:8123
# Game ID: 126
# Board class: pentago_twist.PentagoBoard
# Timeout: 20000
# First Move Timeout: 30000
# Date: Sun Apr 11 20:34:30 EDT 2021
# Player 1: Player-0, '260847683', running on ARNOUK-Desktop
# Player 2: Player-1, 'Human', running on ARNOUK-Desktop
START Player-0 260847683
START Player-1 Human
0 2 1 0 0
2 3 1 1 1
0 4 2 1 0
2 1 0 0 1
0 3 1 1 0
3 4 3 0 1
3 1 0 0 0
1 2 0 1 1
5 3 3 0 0
4 1 2 1 1
4 3 3 0 0
1 5 1 0 1
2 0 0 0 0
2 2 0 1 1
5 0 0 0 0
4 2 2 1 1
2 1 0 0 0
1 3 1 1 1
1 1 1 1 0
2 2 0 1 1
5 1 2 1 0
3 2 2 1 1
GAMEOVER WINNER 1
# Game ended: Sun Apr 11 20:35:42 EDT 2021
