# Server version 0.08 running on ARNOUK-Desktop:8123
# Game ID: 324
# Board class: pentago_twist.PentagoBoard
# Timeout: 20000
# First Move Timeout: 30000
# Date: Mon Apr 12 19:52:36 EDT 2021
# Player 1: Player-0, '260847683', running on 127.0.0.1
# Player 2: Player-1, 'RandomPlayer', running on 127.0.0.1
START Player-0 260847683
START Player-1 RandomPlayer
0 0 0 0 0
4 4 2 0 1
0 0 0 0 0
1 0 1 0 1
0 0 0 0 0
1 3 1 1 1
0 0 0 0 0
1 1 2 1 1
0 1 0 0 0
4 3 1 1 1
0 1 0 0 0
5 4 0 0 1
0 3 0 0 0
1 5 2 1 1
0 4 0 0 0
GAMEOVER WINNER 0
# Game ended: Mon Apr 12 19:52:54 EDT 2021
