# Server version 0.08 running on ARNOUK-Desktop:8123
# Game ID: 128
# Board class: pentago_twist.PentagoBoard
# Timeout: 20000
# First Move Timeout: 30000
# Date: Sun Apr 11 20:42:31 EDT 2021
# Player 1: Player-0, '260847683', running on ARNOUK-Desktop
# Player 2: Player-1, '260847683', running on ARNOUK-Desktop
START Player-0 260847683
START Player-1 260847683
1 0 2 0 0
4 4 2 0 1
5 4 2 0 0
1 1 2 0 1
3 3 3 0 0
0 2 2 0 1
2 3 2 0 0
5 2 2 0 1
1 3 2 0 0
5 3 2 0 1
3 4 2 0 0
0 3 2 0 1
1 5 2 0 0
5 4 2 0 1
2 0 2 0 0
2 1 2 0 1
0 4 2 0 0
5 2 2 0 1
2 4 2 0 0
5 1 2 0 1
3 3 3 1 0
5 1 2 0 1
2 5 2 0 0
1 2 2 0 1
3 2 2 0 0
3 1 2 0 1
0 5 2 0 0
GAMEOVER WINNER 0
# Game ended: Sun Apr 11 20:42:31 EDT 2021
