# Server version 0.08 running on Cesar-Spectre:8123
# Game ID: 3
# Board class: pentago_twist.PentagoBoard
# Timeout: 20000
# First Move Timeout: 30000
# Date: Wed Apr 07 11:30:50 EDT 2021
# Player 1: Player-0, 'Human', running on Cesar-Spectre
# Player 2: Player-1, '260847683', running on Cesar-Spectre
START Player-0 Human
START Player-1 260847683
1 1 0 0 0
4 4 2 0 1
2 1 0 0 0
0 5 1 0 1
0 3 1 1 0
1 4 1 1 1
2 2 0 0 0
1 2 2 1 1
0 2 0 0 0
4 3 1 1 1
GAMEOVER ILLEGAL MOVE: Player 0, Move: (3, 3), R/F: (3, 3) WINNER 1
# Game ended: Wed Apr 07 11:31:23 EDT 2021
