# Server version 0.08 running on ARNOUK-Desktop:8123
# Game ID: 356
# Board class: pentago_twist.PentagoBoard
# Timeout: 20000
# First Move Timeout: 30000
# Date: Mon Apr 12 20:44:30 EDT 2021
# Player 1: Player-0, '260847683', running on ARNOUK-Desktop
# Player 2: Player-1, 'Human', running on ARNOUK-Desktop
START Player-0 260847683
START Player-1 Human
4 3 0 1 0
1 1 0 0 1
3 1 2 0 0
3 0 2 1 1
4 5 1 0 0
4 4 2 1 1
0 1 2 1 0
2 2 2 0 1
3 2 3 1 0
3 3 2 0 1
3 1 2 0 0
0 0 0 1 1
1 0 0 1 0
GAMEOVER WINNER 1
# Game ended: Mon Apr 12 21:04:34 EDT 2021
