# Server version 0.08 running on ARNOUK-Desktop:8123
# Game ID: 205
# Board class: pentago_twist.PentagoBoard
# Timeout: 20000
# First Move Timeout: 30000
# Date: Mon Apr 12 16:37:34 EDT 2021
# Player 1: Player-0, 'RandomPlayer', running on 127.0.0.1
# Player 2: Player-1, '260847683', running on 127.0.0.1
START Player-0 RandomPlayer
START Player-1 260847683
1 0 2 0 0
0 0 0 0 1
0 4 1 0 0
0 0 1 1 1
4 1 0 1 0
1 5 0 0 1
1 4 2 1 0
0 3 1 1 1
5 4 1 1 0
0 0 0 0 1
4 4 0 0 0
0 1 0 0 1
4 5 2 1 0
1 0 0 0 1
4 0 0 0 0
0 1 0 0 1
5 5 0 0 0
0 4 2 1 1
3 5 3 0 0
0 5 0 0 1
GAMEOVER WINNER 1
# Game ended: Mon Apr 12 16:37:52 EDT 2021
