# Server version 0.08 running on ARNOUK-Desktop:8123
# Game ID: 388
# Board class: pentago_twist.PentagoBoard
# Timeout: 20000
# First Move Timeout: 30000
# Date: Mon Apr 12 22:58:33 EDT 2021
# Player 1: Player-0, '260847683', running on ARNOUK-Desktop
# Player 2: Player-1, '260825559', running on ARNOUK-Desktop
START Player-0 260847683
START Player-1 260825559
1 3 3 0 0
4 4 0 1 1
0 4 3 1 0
3 2 0 0 1
3 0 2 1 0
0 2 0 1 1
1 2 1 1 0
0 2 0 0 1
4 1 1 1 0
1 1 1 0 1
2 5 3 1 0
2 0 0 1 1
3 3 0 0 0
5 5 3 0 1
4 0 3 1 0
5 3 2 0 1
2 2 1 0 0
3 5 0 0 1
3 0 3 0 0
GAMEOVER WINNER 1
# Game ended: Mon Apr 12 22:59:11 EDT 2021
